2022-01-13 20:54:51 18144 [Note] Plugin 'FEDERATED' is disabled.
2022-01-13 20:54:51 18144 [Note] InnoDB: Using atomics to ref count buffer pool pages
2022-01-13 20:54:51 18144 [Note] InnoDB: The InnoDB memory heap is disabled
2022-01-13 20:54:51 18144 [Note] InnoDB: Mutexes and rw_locks use Windows interlocked functions
2022-01-13 20:54:51 18144 [Note] InnoDB: Memory barrier is not used
2022-01-13 20:54:51 18144 [Note] InnoDB: Compressed tables use zlib 1.2.3
2022-01-13 20:54:51 18144 [Note] InnoDB: Not using CPU crc32 instructions
2022-01-13 20:54:51 18144 [Note] InnoDB: Initializing buffer pool, size = 128.0M
2022-01-13 20:54:51 18144 [Note] InnoDB: Completed initialization of buffer pool
2022-01-13 20:54:51 18144 [Note] InnoDB: Setting log file D:\programação\Meu-Repositorio-Bosch\usbwebserver\mysql\data\ib_logfile101 size to 5 MB
2022-01-13 20:54:51 18144 [Note] InnoDB: Setting log file D:\programação\Meu-Repositorio-Bosch\usbwebserver\mysql\data\ib_logfile1 size to 5 MB
2022-01-13 20:54:51 18144 [Note] InnoDB: Renaming log file D:\programação\Meu-Repositorio-Bosch\usbwebserver\mysql\data\ib_logfile101 to D:\programação\Meu-Repositorio-Bosch\usbwebserver\mysql\data\ib_logfile0
2022-01-13 20:54:51 18144 [Warning] InnoDB: New log files created, LSN=1626134
2022-01-13 20:54:51 18144 [Note] InnoDB: Highest supported file format is Barracuda.
2022-01-13 20:54:51 e68 InnoDB: Error: page 5 log sequence number 1626646
InnoDB: is in the future! Current system log sequence number 1626636.
InnoDB: Your database may be corrupt or you may have copied the InnoDB
InnoDB: tablespace but not the InnoDB log files. See
InnoDB: http://dev.mysql.com/doc/refman/5.6/en/forcing-innodb-recovery.html
InnoDB: for more information.
2022-01-13 20:54:51 18144 [Note] InnoDB: 128 rollback segment(s) are active.
2022-01-13 20:54:51 18144 [Note] InnoDB: Waiting for purge to start
2022-01-13 20:54:51 18144 [Note] InnoDB: 5.6.34 started; log sequence number 1626636
2022-01-13 20:54:51 18144 [Warning] No existing UUID has been found, so we assume that this is the first time that this server has been started. Generating a new UUID: 32e1970e-74cc-11ec-ac79-0250a5e68ba9.
2022-01-13 20:54:51 18144 [Note] Server hostname (bind-address): '*'; port: 3306
2022-01-13 20:54:51 18144 [Note] IPv6 is available.
2022-01-13 20:54:51 18144 [Note]   - '::' resolves to '::';
2022-01-13 20:54:51 18144 [Note] Server socket created on IP: '::'.
2022-01-13 21:09:38 18352 [Note] Plugin 'FEDERATED' is disabled.
2022-01-13 21:09:38 18352 [Note] InnoDB: Using atomics to ref count buffer pool pages
2022-01-13 21:09:38 18352 [Note] InnoDB: The InnoDB memory heap is disabled
2022-01-13 21:09:38 18352 [Note] InnoDB: Mutexes and rw_locks use Windows interlocked functions
2022-01-13 21:09:38 18352 [Note] InnoDB: Memory barrier is not used
2022-01-13 21:09:38 18352 [Note] InnoDB: Compressed tables use zlib 1.2.3
2022-01-13 21:09:38 18352 [Note] InnoDB: Not using CPU crc32 instructions
2022-01-13 21:09:38 18352 [Note] InnoDB: Initializing buffer pool, size = 128.0M
2022-01-13 21:09:38 18352 [Note] InnoDB: Completed initialization of buffer pool
2022-01-13 21:09:38 18352 [Note] InnoDB: Highest supported file format is Barracuda.
2022-01-13 21:09:38 18352 [Note] InnoDB: The log sequence numbers 1626134 and 1626134 in ibdata files do not match the log sequence number 1626646 in the ib_logfiles!
2022-01-13 21:09:38 18352 [Note] InnoDB: Database was not shutdown normally!
2022-01-13 21:09:38 18352 [Note] InnoDB: Starting crash recovery.
2022-01-13 21:09:38 18352 [Note] InnoDB: Reading tablespace information from the .ibd files...
2022-01-13 21:09:38 18352 [Note] InnoDB: Restoring possible half-written data pages 
2022-01-13 21:09:38 18352 [Note] InnoDB: from the doublewrite buffer...
2022-01-13 21:09:39 18352 [Note] InnoDB: 128 rollback segment(s) are active.
2022-01-13 21:09:39 18352 [Note] InnoDB: Waiting for purge to start
2022-01-13 21:09:39 18352 [Note] InnoDB: 5.6.34 started; log sequence number 1626646
2022-01-13 21:09:39 18352 [Note] Server hostname (bind-address): '*'; port: 3306
2022-01-13 21:09:39 18352 [Note] IPv6 is available.
2022-01-13 21:09:39 18352 [Note]   - '::' resolves to '::';
2022-01-13 21:09:39 18352 [Note] Server socket created on IP: '::'.
2022-01-13 21:10:09 4840 [Note] Plugin 'FEDERATED' is disabled.
2022-01-13 21:10:09 4840 [Note] InnoDB: Using atomics to ref count buffer pool pages
2022-01-13 21:10:09 4840 [Note] InnoDB: The InnoDB memory heap is disabled
2022-01-13 21:10:09 4840 [Note] InnoDB: Mutexes and rw_locks use Windows interlocked functions
2022-01-13 21:10:09 4840 [Note] InnoDB: Memory barrier is not used
2022-01-13 21:10:09 4840 [Note] InnoDB: Compressed tables use zlib 1.2.3
2022-01-13 21:10:09 4840 [Note] InnoDB: Not using CPU crc32 instructions
2022-01-13 21:10:09 4840 [Note] InnoDB: Initializing buffer pool, size = 128.0M
2022-01-13 21:10:09 4840 [Note] InnoDB: Completed initialization of buffer pool
2022-01-13 21:10:09 4840 [Note] InnoDB: Highest supported file format is Barracuda.
2022-01-13 21:10:09 4840 [Note] InnoDB: The log sequence numbers 1626134 and 1626134 in ibdata files do not match the log sequence number 1626656 in the ib_logfiles!
2022-01-13 21:10:09 4840 [Note] InnoDB: Database was not shutdown normally!
2022-01-13 21:10:09 4840 [Note] InnoDB: Starting crash recovery.
2022-01-13 21:10:09 4840 [Note] InnoDB: Reading tablespace information from the .ibd files...
2022-01-13 21:10:09 4840 [Note] InnoDB: Restoring possible half-written data pages 
2022-01-13 21:10:09 4840 [Note] InnoDB: from the doublewrite buffer...
2022-01-13 21:10:10 4840 [Note] InnoDB: 128 rollback segment(s) are active.
2022-01-13 21:10:10 4840 [Note] InnoDB: Waiting for purge to start
2022-01-13 21:10:10 4840 [Note] InnoDB: 5.6.34 started; log sequence number 1626656
2022-01-13 21:10:10 4840 [Note] Server hostname (bind-address): '*'; port: 3306
2022-01-13 21:10:10 4840 [Note] IPv6 is available.
2022-01-13 21:10:10 4840 [Note]   - '::' resolves to '::';
2022-01-13 21:10:10 4840 [Note] Server socket created on IP: '::'.
2022-01-13 22:06:07 18492 [Note] Plugin 'FEDERATED' is disabled.
2022-01-13 22:06:07 18492 [Note] InnoDB: Using atomics to ref count buffer pool pages
2022-01-13 22:06:07 18492 [Note] InnoDB: The InnoDB memory heap is disabled
2022-01-13 22:06:07 18492 [Note] InnoDB: Mutexes and rw_locks use Windows interlocked functions
2022-01-13 22:06:07 18492 [Note] InnoDB: Memory barrier is not used
2022-01-13 22:06:07 18492 [Note] InnoDB: Compressed tables use zlib 1.2.3
2022-01-13 22:06:07 18492 [Note] InnoDB: Not using CPU crc32 instructions
2022-01-13 22:06:07 18492 [Note] InnoDB: Initializing buffer pool, size = 128.0M
2022-01-13 22:06:07 18492 [Note] InnoDB: Completed initialization of buffer pool
2022-01-13 22:06:07 18492 [Note] InnoDB: Highest supported file format is Barracuda.
2022-01-13 22:06:07 18492 [Note] InnoDB: The log sequence numbers 1626134 and 1626134 in ibdata files do not match the log sequence number 1626666 in the ib_logfiles!
2022-01-13 22:06:07 18492 [Note] InnoDB: Database was not shutdown normally!
2022-01-13 22:06:07 18492 [Note] InnoDB: Starting crash recovery.
2022-01-13 22:06:07 18492 [Note] InnoDB: Reading tablespace information from the .ibd files...
2022-01-13 22:06:07 18492 [Note] InnoDB: Restoring possible half-written data pages 
2022-01-13 22:06:07 18492 [Note] InnoDB: from the doublewrite buffer...
2022-01-13 22:06:07 18492 [Note] InnoDB: 128 rollback segment(s) are active.
2022-01-13 22:06:07 18492 [Note] InnoDB: Waiting for purge to start
2022-01-13 22:06:07 18492 [Note] InnoDB: 5.6.34 started; log sequence number 1626666
2022-01-13 22:06:07 18492 [Note] Server hostname (bind-address): '*'; port: 3306
2022-01-13 22:06:07 18492 [Note] IPv6 is available.
2022-01-13 22:06:07 18492 [Note]   - '::' resolves to '::';
2022-01-13 22:06:07 18492 [Note] Server socket created on IP: '::'.
